Tue Nov 19 09:20:57 MST 2019 Stopping hbase (via master)
Tue Nov 19 09:21:02 MST 2019 Starting master on Weis-MBP
core file size          (blocks, -c) 0
data seg size           (kbytes, -d) unlimited
file size               (blocks, -f) unlimited
max locked memory       (kbytes, -l) unlimited
max memory size         (kbytes, -m) unlimited
open files                      (-n) 256
pipe size            (512 bytes, -p) 1
stack size              (kbytes, -s) 8192
cpu time               (seconds, -t) unlimited
max user processes              (-u) 1418
virtual memory          (kbytes, -v) unlimited
2019-11-19 09:21:03,193 INFO org.apache.hadoop.hbase.util.VersionInfo: HBase 0.94.14
2019-11-19 09:21:03,193 INFO org.apache.hadoop.hbase.util.VersionInfo: Subversion https://svn.apache.org/repos/asf/hbase/tags/0.94.14RC1 -r 1543222
2019-11-19 09:21:03,193 INFO org.apache.hadoop.hbase.util.VersionInfo: Compiled by jenkins on Mon Nov 18 23:23:33 UTC 2013
2019-11-19 09:21:03,275 INFO org.apache.zookeeper.server.ZooKeeperServer: Server environment:zookeeper.version=3.4.5-1392090, built on 09/30/2012 17:52 GMT
2019-11-19 09:21:03,275 INFO org.apache.zookeeper.server.ZooKeeperServer: Server environment:host.name=weis-mbp
2019-11-19 09:21:03,275 INFO org.apache.zookeeper.server.ZooKeeperServer: Server environment:java.version=1.8.0_231
2019-11-19 09:21:03,275 INFO org.apache.zookeeper.server.ZooKeeperServer: Server environment:java.vendor=Oracle Corporation
2019-11-19 09:21:03,275 INFO org.apache.zookeeper.server.ZooKeeperServer: Server environment:java.home=/Library/Java/JavaVirtualMachines/jdk1.8.0_231.jdk/Contents/Home/jre
2019-11-19 09:21:03,275 INFO org.apache.zookeeper.server.ZooKeeperServer: Server environment:java.class.path=/Users/wcui/workspace/chimera/nutch_project/hbase/bin/../conf:/Library/Java/JavaVirtualMachines/jdk1.8.0_231.jdk/Contents/Home/lib/tools.jar:/Users/wcui/workspace/chimera/nutch_project/hbase/bin/..:/Users/wcui/workspace/chimera/nutch_project/hbase/bin/../hbase-0.94.14-tests.jar:/Users/wcui/workspace/chimera/nutch_project/hbase/bin/../hbase-0.94.14.jar:/Users/wcui/workspace/chimera/nutch_project/hbase/bin/../lib/activation-1.1.jar:/Users/wcui/workspace/chimera/nutch_project/hbase/bin/../lib/asm-3.1.jar:/Users/wcui/workspace/chimera/nutch_project/hbase/bin/../lib/avro-1.5.3.jar:/Users/wcui/workspace/chimera/nutch_project/hbase/bin/../lib/avro-ipc-1.5.3.jar:/Users/wcui/workspace/chimera/nutch_project/hbase/bin/../lib/commons-beanutils-1.7.0.jar:/Users/wcui/workspace/chimera/nutch_project/hbase/bin/../lib/commons-beanutils-core-1.8.0.jar:/Users/wcui/workspace/chimera/nutch_project/hbase/bin/../lib/commons-cli-1.2.jar:/Users/wcui/workspace/chimera/nutch_project/hbase/bin/../lib/commons-codec-1.4.jar:/Users/wcui/workspace/chimera/nutch_project/hbase/bin/../lib/commons-collections-3.2.1.jar:/Users/wcui/workspace/chimera/nutch_project/hbase/bin/../lib/commons-configuration-1.6.jar:/Users/wcui/workspace/chimera/nutch_project/hbase/bin/../lib/commons-digester-1.8.jar:/Users/wcui/workspace/chimera/nutch_project/hbase/bin/../lib/commons-el-1.0.jar:/Users/wcui/workspace/chimera/nutch_project/hbase/bin/../lib/commons-httpclient-3.1.jar:/Users/wcui/workspace/chimera/nutch_project/hbase/bin/../lib/commons-io-2.1.jar:/Users/wcui/workspace/chimera/nutch_project/hbase/bin/../lib/commons-lang-2.5.jar:/Users/wcui/workspace/chimera/nutch_project/hbase/bin/../lib/commons-logging-1.1.1.jar:/Users/wcui/workspace/chimera/nutch_project/hbase/bin/../lib/commons-math-2.1.jar:/Users/wcui/workspace/chimera/nutch_project/hbase/bin/../lib/commons-net-1.4.1.jar:/Users/wcui/workspace/chimera/nutch_project/hbase/bin/../lib/core-3.1.1.jar:/Users/wcui/workspace/chimera/nutch_project/hbase/bin/../lib/guava-11.0.2.jar:/Users/wcui/workspace/chimera/nutch_project/hbase/bin/../lib/hadoop-core-1.0.4.jar:/Users/wcui/workspace/chimera/nutch_project/hbase/bin/../lib/high-scale-lib-1.1.1.jar:/Users/wcui/workspace/chimera/nutch_project/hbase/bin/../lib/httpclient-4.1.2.jar:/Users/wcui/workspace/chimera/nutch_project/hbase/bin/../lib/httpcore-4.1.3.jar:/Users/wcui/workspace/chimera/nutch_project/hbase/bin/../lib/jackson-core-asl-1.8.8.jar:/Users/wcui/workspace/chimera/nutch_project/hbase/bin/../lib/jackson-jaxrs-1.8.8.jar:/Users/wcui/workspace/chimera/nutch_project/hbase/bin/../lib/jackson-mapper-asl-1.8.8.jar:/Users/wcui/workspace/chimera/nutch_project/hbase/bin/../lib/jackson-xc-1.8.8.jar:/Users/wcui/workspace/chimera/nutch_project/hbase/bin/../lib/jamon-runtime-2.3.1.jar:/Users/wcui/workspace/chimera/nutch_project/hbase/bin/../lib/jasper-compiler-5.5.23.jar:/Users/wcui/workspace/chimera/nutch_project/hbase/bin/../lib/jasper-runtime-5.5.23.jar:/Users/wcui/workspace/chimera/nutch_project/hbase/bin/../lib/jaxb-api-2.1.jar:/Users/wcui/workspace/chimera/nutch_project/hbase/bin/../lib/jaxb-impl-2.2.3-1.jar:/Users/wcui/workspace/chimera/nutch_project/hbase/bin/../lib/jersey-core-1.8.jar:/Users/wcui/workspace/chimera/nutch_project/hbase/bin/../lib/jersey-json-1.8.jar:/Users/wcui/workspace/chimera/nutch_project/hbase/bin/../lib/jersey-server-1.8.jar:/Users/wcui/workspace/chimera/nutch_project/hbase/bin/../lib/jettison-1.1.jar:/Users/wcui/workspace/chimera/nutch_project/hbase/bin/../lib/jetty-6.1.26.jar:/Users/wcui/workspace/chimera/nutch_project/hbase/bin/../lib/jetty-util-6.1.26.jar:/Users/wcui/workspace/chimera/nutch_project/hbase/bin/../lib/jruby-complete-1.6.5.jar:/Users/wcui/workspace/chimera/nutch_project/hbase/bin/../lib/jsp-2.1-6.1.14.jar:/Users/wcui/workspace/chimera/nutch_project/hbase/bin/../lib/jsp-api-2.1-6.1.14.jar:/Users/wcui/workspace/chimera/nutch_project/hbase/bin/../lib/jsr305-1.3.9.jar:/Users/wcui/workspace/chimera/nutch_project/hbase/bin/../lib/junit-4.10-HBASE-1.jar:/Users/wcui/workspace/chimera/nutch_project/hbase/bin/../lib/libthrift-0.8.0.jar:/Users/wcui/workspace/chimera/nutch_project/hbase/bin/../lib/log4j-1.2.16.jar:/Users/wcui/workspace/chimera/nutch_project/hbase/bin/../lib/metrics-core-2.1.2.jar:/Users/wcui/workspace/chimera/nutch_project/hbase/bin/../lib/netty-3.2.4.Final.jar:/Users/wcui/workspace/chimera/nutch_project/hbase/bin/../lib/protobuf-java-2.4.0a.jar:/Users/wcui/workspace/chimera/nutch_project/hbase/bin/../lib/servlet-api-2.5-6.1.14.jar:/Users/wcui/workspace/chimera/nutch_project/hbase/bin/../lib/slf4j-api-1.4.3.jar:/Users/wcui/workspace/chimera/nutch_project/hbase/bin/../lib/slf4j-log4j12-1.4.3.jar:/Users/wcui/workspace/chimera/nutch_project/hbase/bin/../lib/snappy-java-1.0.3.2.jar:/Users/wcui/workspace/chimera/nutch_project/hbase/bin/../lib/stax-api-1.0.1.jar:/Users/wcui/workspace/chimera/nutch_project/hbase/bin/../lib/velocity-1.7.jar:/Users/wcui/workspace/chimera/nutch_project/hbase/bin/../lib/xmlenc-0.52.jar:/Users/wcui/workspace/chimera/nutch_project/hbase/bin/../lib/zookeeper-3.4.5.jar:
2019-11-19 09:21:03,275 INFO org.apache.zookeeper.server.ZooKeeperServer: Server environment:java.library.path=/Users/wcui/workspace/chimera/nutch_project/hbase/bin/../lib/native/Mac_OS_X-x86_64-64
2019-11-19 09:21:03,275 INFO org.apache.zookeeper.server.ZooKeeperServer: Server environment:java.io.tmpdir=/var/folders/gv/79fn6nx50cz72mwxsb3gnp240000gn/T/
2019-11-19 09:21:03,275 INFO org.apache.zookeeper.server.ZooKeeperServer: Server environment:java.compiler=<NA>
2019-11-19 09:21:03,275 INFO org.apache.zookeeper.server.ZooKeeperServer: Server environment:os.name=Mac OS X
2019-11-19 09:21:03,275 INFO org.apache.zookeeper.server.ZooKeeperServer: Server environment:os.arch=x86_64
2019-11-19 09:21:03,275 INFO org.apache.zookeeper.server.ZooKeeperServer: Server environment:os.version=10.14.6
2019-11-19 09:21:03,275 INFO org.apache.zookeeper.server.ZooKeeperServer: Server environment:user.name=wcui
2019-11-19 09:21:03,275 INFO org.apache.zookeeper.server.ZooKeeperServer: Server environment:user.home=/Users/wcui
2019-11-19 09:21:03,275 INFO org.apache.zookeeper.server.ZooKeeperServer: Server environment:user.dir=/Users/wcui/workspace/chimera/nutch_project/hbase/bin
2019-11-19 09:21:03,283 INFO org.apache.zookeeper.server.ZooKeeperServer: Created server with tickTime 2000 minSessionTimeout 4000 maxSessionTimeout 40000 datadir /hbase-data/zookeeper/zookeeper_0/version-2 snapdir /hbase-data/zookeeper/zookeeper_0/version-2
2019-11-19 09:21:03,304 INFO org.apache.zookeeper.server.NIOServerCnxnFactory: binding to port 0.0.0.0/0.0.0.0:2181
2019-11-19 09:21:03,305 DEBUG org.apache.hadoop.hbase.zookeeper.MiniZooKeeperCluster: Failed binding ZK Server to client port: 2181
2019-11-19 09:21:03,305 INFO org.apache.zookeeper.server.NIOServerCnxnFactory: binding to port 0.0.0.0/0.0.0.0:2182
2019-11-19 09:21:03,311 INFO org.apache.zookeeper.server.persistence.FileSnap: Reading snapshot /hbase-data/zookeeper/zookeeper_0/version-2/snapshot.0
2019-11-19 09:21:03,326 INFO org.apache.zookeeper.server.persistence.FileTxnSnapLog: Snapshotting: 0x44 to /hbase-data/zookeeper/zookeeper_0/version-2/snapshot.44
2019-11-19 09:21:03,327 ERROR org.apache.zookeeper.server.ZooKeeperServer: Severe unrecoverable error, exiting
java.io.FileNotFoundException: /hbase-data/zookeeper/zookeeper_0/version-2/snapshot.44 (Permission denied)
	at java.io.FileOutputStream.open0(Native Method)
	at java.io.FileOutputStream.open(FileOutputStream.java:270)
	at java.io.FileOutputStream.<init>(FileOutputStream.java:213)
	at java.io.FileOutputStream.<init>(FileOutputStream.java:162)
	at org.apache.zookeeper.server.persistence.FileSnap.serialize(FileSnap.java:225)
	at org.apache.zookeeper.server.persistence.FileTxnSnapLog.save(FileTxnSnapLog.java:242)
	at org.apache.zookeeper.server.ZooKeeperServer.takeSnapshot(ZooKeeperServer.java:270)
	at org.apache.zookeeper.server.ZooKeeperServer.loadData(ZooKeeperServer.java:265)
	at org.apache.zookeeper.server.ZooKeeperServer.startdata(ZooKeeperServer.java:377)
	at org.apache.zookeeper.server.NIOServerCnxnFactory.startup(NIOServerCnxnFactory.java:122)
	at org.apache.hadoop.hbase.zookeeper.MiniZooKeeperCluster.startup(MiniZooKeeperCluster.java:178)
	at org.apache.hadoop.hbase.zookeeper.MiniZooKeeperCluster.startup(MiniZooKeeperCluster.java:128)
	at org.apache.hadoop.hbase.master.HMasterCommandLine.startMaster(HMasterCommandLine.java:133)
	at org.apache.hadoop.hbase.master.HMasterCommandLine.run(HMasterCommandLine.java:104)
	at org.apache.hadoop.util.ToolRunner.run(ToolRunner.java:65)
	at org.apache.hadoop.hbase.util.ServerCommandLine.doMain(ServerCommandLine.java:76)
	at org.apache.hadoop.hbase.master.HMaster.main(HMaster.java:2120)
